\BOOKMARK [1][-]{section.1}{Introduction}{}% 1
\BOOKMARK [1][-]{section.2}{Background}{}% 2
\BOOKMARK [1][-]{section.3}{Objective}{}% 3
\BOOKMARK [1][-]{section.4}{Research Methodology}{}% 4
\BOOKMARK [1][-]{section.5}{Criteria}{}% 5
\BOOKMARK [2][-]{subsection.5.1}{Strategy}{section.5}% 6
\BOOKMARK [2][-]{subsection.5.2}{Organization}{section.5}% 7
\BOOKMARK [2][-]{subsection.5.3}{Style}{section.5}% 8
\BOOKMARK [1][-]{section.6}{Heuristic Evaluation}{}% 9
\BOOKMARK [1][-]{section.7}{Web-Based Survey}{}% 10
\BOOKMARK [2][-]{subsection.7.1}{Research Ethics Compliance}{section.7}% 11
\BOOKMARK [1][-]{section.8}{Findings and Discussions}{}% 12
\BOOKMARK [1][-]{section.9}{Overview and Usability}{}% 13
\BOOKMARK [2][-]{subsection.9.1}{Heuristic Evaluation}{section.9}% 14
\BOOKMARK [2][-]{subsection.9.2}{Survey Results}{section.9}% 15
\BOOKMARK [1][-]{section.10}{Organization and Navigation}{}% 16
\BOOKMARK [2][-]{subsection.10.1}{Heuristic Evaluation}{section.10}% 17
\BOOKMARK [2][-]{subsection.10.2}{Survey Results}{section.10}% 18
\BOOKMARK [1][-]{section.11}{Page Layout and Design}{}% 19
\BOOKMARK [2][-]{subsection.11.1}{Heuristic Evaluation}{section.11}% 20
\BOOKMARK [2][-]{subsection.11.2}{Survey Results}{section.11}% 21
\BOOKMARK [1][-]{section.12}{Content and Interactive Features}{}% 22
\BOOKMARK [2][-]{subsection.12.1}{Heuristic Evaluation}{section.12}% 23
\BOOKMARK [2][-]{subsection.12.2}{Survey Results}{section.12}% 24
\BOOKMARK [1][-]{section.13}{Conclusions}{}% 25
\BOOKMARK [1][-]{section.14}{Recommendations }{}% 26
\BOOKMARK [1][-]{section.15}{References}{}% 27
\BOOKMARK [1][-]{section.16}{Appendices}{}% 28
